<?xml version="1.0" encoding="UTF-8"?>
<!-- Generated by org.testng.reporters.JUnitReportReporter -->
<testsuite hostname="DESKTOP-HG7QPV9" failures="0" tests="1" name="autotesting.SampleTestNgTest" time="11.727" errors="0" timestamp="2021-10-26T17:22:53 CST" skipped="0">
  <testcase classname="autotesting.SampleTestNgTest" name="testHomePageHasAHeader" time="11.727"/>
  <system-out/>
</testsuite> <!-- autotesting.SampleTestNgTest -->
