<?xml version="1.0" encoding="UTF-8"?>
<!-- Generated by org.testng.reporters.JUnitReportReporter -->
<testsuite hostname="DESKTOP-HG7QPV9" failures="0" tests="2" name="com.testsuite.HomePageTest" time="11.394" errors="0" timestamp="2021-11-06T14:07:53 CST" skipped="0">
  <testcase classname="com.testsuite.HomePageTest" name="testHomePageHasAHeader" time="0.093"/>
  <system-out/>
  <testcase classname="com.testsuite.HomePageTest" name="loadYamiURL" time="11.301"/>
  <system-out/>
</testsuite> <!-- com.testsuite.HomePageTest -->
