<?xml version="1.0" encoding="UTF-8"?>
<!-- Generated by org.testng.reporters.JUnitReportReporter -->
<testsuite hostname="DESKTOP-HG7QPV9" failures="0" tests="1" name="com.testsuite.ecapi.ECCustomerTest" time="2.634" errors="0" timestamp="2021-11-18T17:44:18 CST" skipped="0">
  <testcase classname="com.testsuite.ecapi.ECCustomerTest" name="login" time="2.634"/>
  <system-out/>
</testsuite> <!-- com.testsuite.ecapi.ECCustomerTest -->
