<?xml version="1.0" encoding="UTF-8"?>
<!-- Generated by org.testng.reporters.JUnitReportReporter -->
<testsuite hostname="DESKTOP-HG7QPV9" failures="0" tests="2" name="com.testsuite.pc.HomePageTest" time="80.715" errors="0" timestamp="2021-11-09T07:37:53 CST" skipped="0">
  <testcase classname="com.testsuite.pc.HomePageTest" name="loadYamiURL" time="73.756"/>
  <system-out/>
  <testcase classname="com.testsuite.pc.HomePageTest" name="testHomePageHasAHeader" time="6.959"/>
  <system-out/>
</testsuite> <!-- com.testsuite.pc.HomePageTest -->
